Arguments: 
  /home/hameetsingh/.nvm/versions/node/v9.3.0/bin/node /home/hameetsingh/.nvm/versions/node/v9.3.0/bin/yarn

PATH: 
  /home/hameetsingh/.nvm/versions/node/v9.3.0/bin:/home/hameetsingh/bin:/home/hameetsingh/.local/bin:/usr/local/sbin:/usr/local/bin:/usr/sbin:/usr/bin:/sbin:/bin:/usr/games:/usr/local/games:/snap/bin

Yarn version: 
  1.5.1

Node version: 
  9.3.0

Platform: 
  linux x64

npm manifest: 
  {
    "name": "weather-app",
    "version": "0.1.0",
    "private": true,
    "dependencies": {
      "bootstrap": "3.3.7",
      "react": "^16.2.0",
      "react-dom": "^16.2.0",
      "react-scripts": "1.1.0"
    },
    "scripts": {
      "start": "react-scripts start",
      "build": "react-scripts build",
      "test": "react-scripts test --env=jsdom",
      "eject": "react-scripts eject"
    }
  }

yarn manifest: 
  No manifest

Lockfile: 
  No lockfile

Trace: 
  Error: ENOSPC: no space left on device, copyfile '/home/hameetsingh/.cache/yarn/v1/npm-array-flatten-1.1.1-9a5f699051b1e7073328f2a008968b64ea2955d2/package.json' -> '/home/hameetsingh/Documents/Weather-api/node_modules/array-flatten/package.json'
